2018-03-12 21:44:22,748 [Worker-4] INFO  o.e.m.c.i.l.LifecycleMappingFactory - Using org.eclipse.m2e.jdt.JarLifecycleMapping lifecycle mapping for MavenProject: com.joinstar:joinstar-parent:0.0.1-SNAPSHOT @ C:\Users\acer\workspace\18Workspace\recoveryO2O\parent\pom.xml.
2018-03-12 21:44:28,664 [Worker-4] INFO  o.e.m.j.i.AbstractJavaProjectConfigurator - Adding source folder /parent/src/main/java
2018-03-12 21:44:28,666 [Worker-4] INFO  o.e.m.j.i.AbstractJavaProjectConfigurator - Adding source folder /parent/src/test/java
2018-03-12 21:44:29,185 [Worker-4] INFO  o.e.m.c.i.p.ProjectConfigurationManager - Imported and configured 1 project(s) in 17 sec
2018-03-12 21:45:46,860 [Worker-7] INFO  o.e.m.c.i.embedder.EclipseLogger - Using 'UTF-8' encoding to copy filtered resources.
2018-03-12 21:45:46,861 [Worker-7] INFO  o.e.m.c.i.embedder.EclipseLogger - skip non existing resourceDirectory C:\Users\acer\workspace\18Workspace\recoveryO2O\parent\src\main\resources
2018-03-12 21:45:46,861 [Worker-7] INFO  o.e.m.c.i.embedder.EclipseLogger - skip non existing resourceDirectory C:\Users\acer\workspace\18Workspace\recoveryO2O\parent\src\main\resources
2018-03-12 21:45:46,865 [Worker-7] INFO  o.e.m.c.i.embedder.EclipseLogger - Using 'UTF-8' encoding to copy filtered resources.
2018-03-12 21:45:46,865 [Worker-7] INFO  o.e.m.c.i.embedder.EclipseLogger - skip non existing resourceDirectory C:\Users\acer\workspace\18Workspace\recoveryO2O\parent\src\test\resources
2018-03-12 21:46:28,180 [Worker-10] INFO  o.e.m.c.i.p.ProjectConfigurationManager - Collecting project info '/pom.xml' C:\Users\acer\workspace\18Workspace\recoveryO2O\service\pom.xml
2018-03-12 21:46:28,873 [Worker-10] INFO  o.e.m.c.i.l.LifecycleMappingFactory - Using org.maven.ide.eclipse.wtp.WarLifecycleMapping lifecycle mapping for MavenProject: com.recovery:service:0.0.1-SNAPSHOT @ C:\Users\acer\workspace\18Workspace\recoveryO2O\service\pom.xml.
2018-03-12 21:46:30,556 [Worker-10] INFO  o.e.m.j.i.AbstractJavaProjectConfigurator - Adding source folder /service/src/main/java
2018-03-12 21:46:30,557 [Worker-10] INFO  o.e.m.j.i.AbstractJavaProjectConfigurator - Adding resource folder /service/src/main/resources
2018-03-12 21:46:30,557 [Worker-10] INFO  o.e.m.j.i.AbstractJavaProjectConfigurator - Adding source folder /service/src/test/java
2018-03-12 21:46:33,530 [Worker-10] INFO  o.e.m.c.i.p.ProjectConfigurationManager - Imported and configured 1 project(s) in 5 sec
2018-03-12 21:46:34,663 [Worker-11] WARN  o.e.m.c.i.embedder.EclipseLogger - Using platform encoding (GBK actually) to copy filtered resources, i.e. build is platform dependent!
2018-03-12 21:46:34,683 [Worker-11] INFO  o.e.m.c.i.embedder.EclipseLogger - Copying 0 resource
2018-03-12 21:46:34,685 [Worker-11] WARN  o.e.m.c.i.embedder.EclipseLogger - Using platform encoding (GBK actually) to copy filtered resources, i.e. build is platform dependent!
2018-03-12 21:46:34,729 [Worker-11] INFO  o.e.m.c.i.embedder.EclipseLogger - skip non existing resourceDirectory C:\Users\acer\workspace\18Workspace\recoveryO2O\service\src\test\resources
2018-03-12 21:46:50,842 [Worker-14] WARN  o.e.m.c.i.embedder.EclipseLogger - Using platform encoding (GBK actually) to copy filtered resources, i.e. build is platform dependent!
2018-03-12 21:46:50,863 [Worker-14] INFO  o.e.m.c.i.embedder.EclipseLogger - Copying 0 resource
2018-03-12 21:46:50,873 [Worker-14] WARN  o.e.m.c.i.embedder.EclipseLogger - Using platform encoding (GBK actually) to copy filtered resources, i.e. build is platform dependent!
2018-03-12 21:46:50,890 [Worker-14] INFO  o.e.m.c.i.embedder.EclipseLogger - skip non existing resourceDirectory C:\Users\acer\workspace\18Workspace\recoveryO2O\service\src\test\resources
2018-03-12 21:48:05,335 [Worker-4] INFO  o.e.m.c.i.e.AbstractTransferListenerAdapter - Downloading http://maven.aliyun.com/nexus/content/groups/public/org/apache/maven/plugins/maven-war-plugin/2.6/maven-war-plugin-2.6.jar
2018-03-12 21:48:05,649 [Worker-4] INFO  o.e.m.c.i.e.AbstractTransferListenerAdapter - Downloaded http://maven.aliyun.com/nexus/content/groups/public/org/apache/maven/plugins/maven-war-plugin/2.6/maven-war-plugin-2.6.jar
2018-03-12 21:48:05,954 [Worker-4] INFO  o.e.m.c.i.l.LifecycleMappingFactory - Using org.maven.ide.eclipse.wtp.WarLifecycleMapping lifecycle mapping for MavenProject: com.recovery:service:0.0.1-SNAPSHOT @ C:\Users\acer\workspace\18Workspace\recoveryO2O\service\pom.xml.
2018-03-12 21:48:08,829 [Worker-4] INFO  o.e.m.c.i.e.AbstractTransferListenerAdapter - Downloading http://maven.aliyun.com/nexus/content/groups/public/org/apache/maven/plugins/maven-war-plugin/2.6/maven-war-plugin-2.6.pom
2018-03-12 21:48:08,908 [Worker-4] INFO  o.e.m.c.i.e.AbstractTransferListenerAdapter - Downloaded http://maven.aliyun.com/nexus/content/groups/public/org/apache/maven/plugins/maven-war-plugin/2.6/maven-war-plugin-2.6.pom
2018-03-12 21:48:11,847 [Worker-4] INFO  o.e.m.c.i.e.AbstractTransferListenerAdapter - Downloading http://maven.aliyun.com/nexus/content/groups/public/org/codehaus/plexus/plexus-io/2.4.1/plexus-io-2.4.1.pom
2018-03-12 21:48:11,985 [Worker-4] INFO  o.e.m.c.i.e.AbstractTransferListenerAdapter - Downloaded http://maven.aliyun.com/nexus/content/groups/public/org/codehaus/plexus/plexus-io/2.4.1/plexus-io-2.4.1.pom
2018-03-12 21:48:12,173 [Worker-4] INFO  o.e.m.c.i.e.AbstractTransferListenerAdapter - Downloading http://maven.aliyun.com/nexus/content/groups/public/com/thoughtworks/xstream/xstream/1.4.4/xstream-1.4.4.pom
2018-03-12 21:48:12,273 [Worker-4] INFO  o.e.m.c.i.e.AbstractTransferListenerAdapter - Downloaded http://maven.aliyun.com/nexus/content/groups/public/com/thoughtworks/xstream/xstream/1.4.4/xstream-1.4.4.pom
2018-03-12 21:48:12,396 [Worker-4] INFO  o.e.m.c.i.e.AbstractTransferListenerAdapter - Downloading http://maven.aliyun.com/nexus/content/groups/public/com/thoughtworks/xstream/xstream-parent/1.4.4/xstream-parent-1.4.4.pom
2018-03-12 21:48:12,557 [Worker-4] INFO  o.e.m.c.i.e.AbstractTransferListenerAdapter - Downloaded http://maven.aliyun.com/nexus/content/groups/public/com/thoughtworks/xstream/xstream-parent/1.4.4/xstream-parent-1.4.4.pom
2018-03-12 21:48:12,843 [Worker-4] INFO  o.e.m.c.i.e.AbstractTransferListenerAdapter - Downloading http://maven.aliyun.com/nexus/content/groups/public/org/apache/maven/shared/maven-mapping/1.0/maven-mapping-1.0.pom
2018-03-12 21:48:12,954 [Worker-4] INFO  o.e.m.c.i.e.AbstractTransferListenerAdapter - Downloaded http://maven.aliyun.com/nexus/content/groups/public/org/apache/maven/shared/maven-mapping/1.0/maven-mapping-1.0.pom
2018-03-12 21:48:13,212 [Worker-4] INFO  o.e.m.c.i.e.AbstractTransferListenerAdapter - Downloading http://maven.aliyun.com/nexus/content/groups/public/org/codehaus/plexus/plexus-io/2.4.1/plexus-io-2.4.1.jar
2018-03-12 21:48:13,498 [Worker-4] INFO  o.e.m.c.i.e.AbstractTransferListenerAdapter - Downloaded http://maven.aliyun.com/nexus/content/groups/public/org/codehaus/plexus/plexus-io/2.4.1/plexus-io-2.4.1.jar
2018-03-12 21:48:13,571 [Worker-4] INFO  o.e.m.c.i.e.AbstractTransferListenerAdapter - Downloading http://maven.aliyun.com/nexus/content/groups/public/org/codehaus/plexus/plexus-interpolation/1.21/plexus-interpolation-1.21.jar
2018-03-12 21:48:13,737 [Worker-4] INFO  o.e.m.c.i.e.AbstractTransferListenerAdapter - Downloaded http://maven.aliyun.com/nexus/content/groups/public/org/codehaus/plexus/plexus-interpolation/1.21/plexus-interpolation-1.21.jar
2018-03-12 21:48:13,821 [Worker-4] INFO  o.e.m.c.i.e.AbstractTransferListenerAdapter - Downloading http://maven.aliyun.com/nexus/content/groups/public/com/thoughtworks/xstream/xstream/1.4.4/xstream-1.4.4.jar
2018-03-12 21:48:14,196 [Worker-4] INFO  o.e.m.c.i.e.AbstractTransferListenerAdapter - Downloaded http://maven.aliyun.com/nexus/content/groups/public/com/thoughtworks/xstream/xstream/1.4.4/xstream-1.4.4.jar
2018-03-12 21:48:14,286 [Worker-4] INFO  o.e.m.c.i.e.AbstractTransferListenerAdapter - Downloading http://maven.aliyun.com/nexus/content/groups/public/org/apache/maven/shared/maven-mapping/1.0/maven-mapping-1.0.jar
2018-03-12 21:48:14,427 [Worker-4] INFO  o.e.m.c.i.e.AbstractTransferListenerAdapter - Downloaded http://maven.aliyun.com/nexus/content/groups/public/org/apache/maven/shared/maven-mapping/1.0/maven-mapping-1.0.jar
2018-03-12 21:48:17,437 [Worker-4] INFO  o.e.m.c.i.embedder.EclipseLogger - Using 'UTF-8' encoding to copy filtered resources.
2018-03-12 21:48:17,438 [Worker-4] INFO  o.e.m.c.i.embedder.EclipseLogger - Copying 0 resource
2018-03-12 21:48:17,445 [Worker-4] INFO  o.e.m.c.i.embedder.EclipseLogger - Copying 0 resource
2018-03-12 21:48:17,455 [Worker-4] INFO  o.e.m.c.i.embedder.EclipseLogger - Using 'UTF-8' encoding to copy filtered resources.
2018-03-12 21:48:17,461 [Worker-4] INFO  o.e.m.c.i.embedder.EclipseLogger - skip non existing resourceDirectory C:\Users\acer\workspace\18Workspace\recoveryO2O\service\src\test\resources
2018-03-12 21:48:17,462 [Worker-4] INFO  o.e.m.w.i.f.ResourceFilteringBuildParticipant - Changed resources require a complete clean of filtered resources of service
2018-03-12 21:48:17,463 [Worker-4] INFO  o.e.m.w.i.f.ResourceFilteringBuildParticipant - Executing resource filtering for service
2018-03-12 21:48:17,472 [Worker-4] INFO  o.e.m.c.i.embedder.EclipseLogger - Using 'UTF-8' encoding to copy filtered resources.
